<?xml version="1.0" encoding="UTF-8"?>
<!-- Generated by org.testng.reporters.JUnitReportReporter -->
<testsuite hostname="DESKTOP-5DF57M1" failures="0" tests="4" name="TestNg.Test_1" time="0.027" errors="0" timestamp="2022-05-27T21:09:03 IST" skipped="0">
  <testcase classname="TestNg.Test_1" name="Tc2" time="0.006"/>
  <system-out/>
  <testcase classname="TestNg.Test_1" name="Tc3" time="0.003"/>
  <system-out/>
  <testcase classname="TestNg.Test_1" name="Tc4" time="0.004"/>
  <system-out/>
  <testcase classname="TestNg.Test_1" name="Tc1" time="0.014"/>
  <system-out/>
</testsuite> <!-- TestNg.Test_1 -->
