<?xml version="1.0" encoding="UTF-8"?>
<!-- Generated by org.testng.reporters.JUnitReportReporter -->
<testsuite hostname="DESKTOP-5DF57M1" failures="0" tests="6" name="TestNg.Test_2" time="0.024" errors="0" timestamp="2022-05-27T22:13:52 IST" skipped="0">
  <testcase classname="TestNg.Test_2" name="Tc_e" time="0.002"/>
  <system-out/>
  <testcase classname="TestNg.Test_2" name="Tc_b" time="0.012"/>
  <system-out/>
  <testcase classname="TestNg.Test_2" name="Tc_a" time="0.002"/>
  <system-out/>
  <testcase classname="TestNg.Test_2" name="Tc_c" time="0.002"/>
  <system-out/>
  <testcase classname="TestNg.Test_2" name="Tc_d" time="0.003"/>
  <system-out/>
  <testcase classname="TestNg.Test_2" name="Tc_d" time="0.003"/>
  <system-out/>
</testsuite> <!-- TestNg.Test_2 -->
