<?xml version="1.0" encoding="UTF-8"?>
<!-- Generated by org.testng.reporters.JUnitReportReporter -->
<testsuite hostname="DESKTOP-5DF57M1" failures="0" tests="4" name="TestNg.Basics" time="0.025" errors="0" timestamp="2022-05-27T21:06:57 IST" skipped="0">
  <testcase classname="TestNg.Basics" name="Tc4" time="0.007"/>
  <system-out/>
  <testcase classname="TestNg.Basics" name="Tc2" time="0.002"/>
  <system-out/>
  <testcase classname="TestNg.Basics" name="Tc1" time="0.011"/>
  <system-out/>
  <testcase classname="TestNg.Basics" name="Tc3" time="0.005"/>
  <system-out/>
</testsuite> <!-- TestNg.Basics -->
