<?xml version="1.0" encoding="UTF-8"?>
<!-- Generated by org.testng.reporters.JUnitReportReporter -->
<testsuite hostname="DESKTOP-5DF57M1" failures="0" tests="1" name="TestNg.Insta_Pom" time="10.073" errors="0" timestamp="2022-06-12T17:47:57 IST" skipped="0">
  <testcase classname="TestNg.Insta_Pom" name="VerifyTest" time="10.073"/>
  <system-out/>
</testsuite> <!-- TestNg.Insta_Pom -->
