<?xml version="1.0" encoding="UTF-8"?>
<!-- Generated by org.testng.reporters.JUnitReportReporter -->
<testsuite hostname="DESKTOP-5DF57M1" failures="0" tests="2" name="TestNg.Test_3" time="0.019" errors="0" timestamp="2022-05-27T22:35:47 IST" skipped="0">
  <testcase classname="TestNg.Test_3" name="m1" time="0.017"/>
  <system-out/>
  <testcase classname="TestNg.Test_3" name="m3" time="0.002"/>
  <system-out/>
</testsuite> <!-- TestNg.Test_3 -->
