<?xml version="1.0" encoding="UTF-8"?>
<!-- Generated by org.testng.reporters.JUnitReportReporter -->
<testsuite hostname="DESKTOP-5DF57M1" failures="0" tests="1" name="TestNg.AlertHandling" time="18.297" errors="0" timestamp="2022-06-09T09:51:58 IST" skipped="0">
  <testcase classname="TestNg.AlertHandling" name="VerifyAlert" time="18.297"/>
  <system-out/>
</testsuite> <!-- TestNg.AlertHandling -->
