<?xml version="1.0" encoding="UTF-8"?>
<!-- Generated by org.testng.reporters.JUnitReportReporter -->
<testsuite hostname="DESKTOP-5DF57M1" failures="0" tests="1" name="TestNg.ChildBrowserHandle1" time="18.886" errors="0" timestamp="2022-06-09T14:16:30 IST" skipped="0">
  <testcase classname="TestNg.ChildBrowserHandle1" name="checkbrowser" time="18.886"/>
  <system-out/>
</testsuite> <!-- TestNg.ChildBrowserHandle1 -->
