<?xml version="1.0" encoding="UTF-8"?>
<!-- Generated by org.testng.reporters.JUnitReportReporter -->
<testsuite hostname="DESKTOP-5DF57M1" failures="0" tests="1" name="TestNg.ChildBrowserHandle" time="24.105" errors="0" timestamp="2022-06-09T13:39:02 IST" skipped="0">
  <testcase classname="TestNg.ChildBrowserHandle" name="TestBrowser" time="24.105"/>
  <system-out/>
</testsuite> <!-- TestNg.ChildBrowserHandle -->
