<?xml version="1.0" encoding="UTF-8"?>
<!-- Generated by org.testng.reporters.JUnitReportReporter -->
<testsuite hostname="DESKTOP-5DF57M1" failures="0" tests="1" name="TestNg.VerifyLogin" time="29.626" errors="0" timestamp="2022-06-12T16:55:05 IST" skipped="0">
  <testcase classname="TestNg.VerifyLogin" name="TC1" time="29.626"/>
  <system-out/>
</testsuite> <!-- TestNg.VerifyLogin -->
