<?xml version="1.0" encoding="UTF-8"?>
<!-- Generated by org.testng.reporters.JUnitReportReporter -->
<testsuite hostname="DESKTOP-5DF57M1" failures="0" tests="1" name="TestNg.Facebook_1" time="11.668" errors="0" timestamp="2022-06-04T20:05:37 IST" skipped="0">
  <testcase classname="TestNg.Facebook_1" name="Tc4" time="11.668"/>
  <system-out/>
</testsuite> <!-- TestNg.Facebook_1 -->
