<?xml version="1.0" encoding="UTF-8"?>
<!-- Generated by org.testng.reporters.JUnitReportReporter -->
<testsuite hostname="DESKTOP-5DF57M1" failures="0" tests="4" name="TestNg.Prty_1" time="0.016" errors="0" timestamp="2022-05-27T21:50:14 IST" skipped="1">
  <testcase classname="TestNg.Prty_1" name="Tc_b" time="0.012"/>
  <system-out/>
  <testcase classname="TestNg.Prty_1" name="Tc_d" time="0.002"/>
  <system-out/>
  <testcase classname="TestNg.Prty_1" name="Tc_a" time="0.002"/>
  <system-out/>
  <testcase classname="TestNg.Prty_1" name="Tc_c">
    <skipped/>
  </testcase> <!-- Tc_c -->
  <system-out/>
</testsuite> <!-- TestNg.Prty_1 -->
